日志时间:2017-05-12 15:55:54
日志级别:Info
日志位置:类[OracleHelper],方法[ZIT_RP_ACCEPT_PKG.SP_UPDATE_ACCEPT_INFO]
日志内容:参数：strLSH:20170512370800000002,strRPID:,strDDYID:1234,strSJH:201705121122010539,dSLSJ:0001/1/1 0:00:00,nSLZT:1.0,nSLLY:20.0,nSLLX:10.0,nHJZ:10.0,nHJZLX:10.0,nSGLX:0.0,nHJYYKB:0.0,nHJYYZS:0.0,nHJYYZZ:0.0,strHJYYBC:呼吸,strXCDZ:啊大大发大厦ttttt,strJCDZ:啊大大发大厦ttttt,nHJQY:50.0,strGXYY:,strLXR:,strLXDH:13122,nHZRS:1.0,strSWYY:31,strSWDD:嘉祥县金屯中心卫生院,strHZXM:,nHZXB:20.0,nNL:80.0,nMZ:0.0,nGJ:10.0,nSQCD:0.0,nTSYQ:0.0,nTQ:10.0,nLK:10.0,strBZ:,nSFCS:0.0,nXZBM:0.0,nZZLX:10.0,nIS_CKOUT:0.0,strSZKS:,strMQZD:呼吸,strYBHGX:,strGCDF:,strGCDFYJ:,nFLAG:0,errMSG:,,错误：System.Data.OracleClient.OracleException (0x80131938): ORA-06550: 第 1 行, 第 7 列: 
PLS-00306: 调用 'SP_UPDATE_ACCEPT_INFO' 时参数个数或类型错误
ORA-06550: 第 1 行, 第 7 列: 
PL/SQL: Statement ignored

   在 System.Data.OracleClient.OracleConnection.CheckError(OciErrorHandle errorHandle, Int32 rc)
   在 System.Data.OracleClient.OracleCommand.Execute(OciStatementHandle statementHandle, CommandBehavior behavior, Boolean needRowid, OciRowidDescriptor& rowidDescriptor, ArrayList& resultParameterOrdinals)
   在 System.Data.OracleClient.OracleCommand.ExecuteNonQueryInternal(Boolean needRowid, OciRowidDescriptor& rowidDescriptor)
   在 System.Data.OracleClient.OracleCommand.ExecuteNonQuery()
   在 Web.OracleHelper.ExecuteNonQuery(String commandText, CommandType commandType, OracleParameter[] param) 位置 d:\新建文件夹 (2)\slt-姜正军修改\zsy_jn_ws\Web\Utils\OracleHelper.cs:行号 106

日志时间:2017-05-12 15:55:55
日志级别:Info
日志位置:类[OracleHelper],方法[ZIT_RP_ACCEPT_PKG.SP_UPDATE_ACCEPT_INFO]
日志内容:参数：strLSH:20170512370800000002,strRPID:,strDDYID:1234,strSJH:201705121122010539,dSLSJ:0001/1/1 0:00:00,nSLZT:1.0,nSLLY:20.0,nSLLX:10.0,nHJZ:10.0,nHJZLX:10.0,nSGLX:0.0,nHJYYKB:0.0,nHJYYZS:0.0,nHJYYZZ:0.0,strHJYYBC:呼吸,strXCDZ:啊大大发大厦ttttt,strJCDZ:啊大大发大厦ttttt,nHJQY:50.0,strGXYY:,strLXR:,strLXDH:13122,nHZRS:1.0,strSWYY:31,strSWDD:嘉祥县金屯中心卫生院,strHZXM:,nHZXB:20.0,nNL:80.0,nMZ:0.0,nGJ:10.0,nSQCD:0.0,nTSYQ:0.0,nTQ:10.0,nLK:10.0,strBZ:,nSFCS:0.0,nXZBM:0.0,nZZLX:10.0,nIS_CKOUT:0.0,strSZKS:,strMQZD:呼吸,strYBHGX:,strGCDF:,strGCDFYJ:,nFLAG:0,errMSG:,,错误：System.Data.OracleClient.OracleException (0x80131938): ORA-06550: 第 1 行, 第 7 列: 
PLS-00306: 调用 'SP_UPDATE_ACCEPT_INFO' 时参数个数或类型错误
ORA-06550: 第 1 行, 第 7 列: 
PL/SQL: Statement ignored

   在 System.Data.OracleClient.OracleConnection.CheckError(OciErrorHandle errorHandle, Int32 rc)
   在 System.Data.OracleClient.OracleCommand.Execute(OciStatementHandle statementHandle, CommandBehavior behavior, Boolean needRowid, OciRowidDescriptor& rowidDescriptor, ArrayList& resultParameterOrdinals)
   在 System.Data.OracleClient.OracleCommand.ExecuteNonQueryInternal(Boolean needRowid, OciRowidDescriptor& rowidDescriptor)
   在 System.Data.OracleClient.OracleCommand.ExecuteNonQuery()
   在 Web.OracleHelper.ExecuteNonQuery(String commandText, CommandType commandType, OracleParameter[] param) 位置 d:\新建文件夹 (2)\slt-姜正军修改\zsy_jn_ws\Web\Utils\OracleHelper.cs:行号 106

日志时间:2017-05-12 15:56:28
日志级别:Info
日志位置:类[OracleHelper],方法[ZIT_RP_ACCEPT_PKG.SP_UPDATE_ACCEPT_INFO]
日志内容:参数：strLSH:20170512370800000002,strRPID:,strDDYID:1234,strSJH:201705121122010539,dSLSJ:0001/1/1 0:00:00,nSLZT:1.0,nSLLY:20.0,nSLLX:10.0,nHJZ:10.0,nHJZLX:10.0,nSGLX:0.0,nHJYYKB:0.0,nHJYYZS:0.0,nHJYYZZ:0.0,strHJYYBC:呼吸,strXCDZ:啊大大发大厦ttttt,strJCDZ:啊大大发大厦ttttt,nHJQY:50.0,strGXYY:,strLXR:,strLXDH:13122,nHZRS:1.0,strSWYY:31,strSWDD:嘉祥县金屯中心卫生院,strHZXM:,nHZXB:20.0,nNL:80.0,nMZ:0.0,nGJ:10.0,nSQCD:0.0,nTSYQ:0.0,nTQ:10.0,nLK:10.0,strBZ:,nSFCS:0.0,nXZBM:0.0,nZZLX:10.0,nIS_CKOUT:0.0,strSZKS:,strMQZD:呼吸,strYBHGX:,strGCDF:,strGCDFYJ:,nFLAG:0,errMSG:,,错误：System.Data.OracleClient.OracleException (0x80131938): ORA-06550: 第 1 行, 第 7 列: 
PLS-00306: 调用 'SP_UPDATE_ACCEPT_INFO' 时参数个数或类型错误
ORA-06550: 第 1 行, 第 7 列: 
PL/SQL: Statement ignored

   在 System.Data.OracleClient.OracleConnection.CheckError(OciErrorHandle errorHandle, Int32 rc)
   在 System.Data.OracleClient.OracleCommand.Execute(OciStatementHandle statementHandle, CommandBehavior behavior, Boolean needRowid, OciRowidDescriptor& rowidDescriptor, ArrayList& resultParameterOrdinals)
   在 System.Data.OracleClient.OracleCommand.ExecuteNonQueryInternal(Boolean needRowid, OciRowidDescriptor& rowidDescriptor)
   在 System.Data.OracleClient.OracleCommand.ExecuteNonQuery()
   在 Web.OracleHelper.ExecuteNonQuery(String commandText, CommandType commandType, OracleParameter[] param) 位置 d:\新建文件夹 (2)\slt-姜正军修改\zsy_jn_ws\Web\Utils\OracleHelper.cs:行号 106

日志时间:2017-05-12 16:02:03
日志级别:Info
日志位置:类[OracleHelper],方法[ZIT_RP_ACCEPT_PKG.SP_UPDATE_ACCEPT_INFO]
日志内容:参数：strLSH:20170512370800000002,strRPID:,strDDYID:1234,strSJH:201705121122010539,dSLSJ:0001/1/1 0:00:00,nSLZT:1.0,nSLLY:20.0,nSLLX:10.0,nHJZ:10.0,nHJZLX:10.0,nSGLX:0.0,nHJYYKB:0.0,nHJYYZS:0.0,nHJYYZZ:0.0,strHJYYBC:呼吸,strXCDZ:啊大大发大厦ttttt,strJCDZ:啊大大发大厦ttttt,nHJQY:50.0,strGXYY:,strLXR:,strLXDH:13122,nHZRS:1.0,strSWYY:31,strSWDD:嘉祥县金屯中心卫生院,strHZXM:,nHZXB:20.0,nNL:80.0,nMZ:0.0,nGJ:10.0,nSQCD:0.0,nTSYQ:0.0,nTQ:10.0,nLK:10.0,strBZ:,nSFCS:0.0,nXZBM:0.0,nZZLX:10.0,nIS_CKOUT:0.0,strSZKS:,strMQZD:呼吸,strYBHGX:,strGCDF:,strGCDFYJ:,nFLAG:0,errMSG:,,错误：System.Data.OracleClient.OracleException (0x80131938): ORA-06550: 第 1 行, 第 7 列: 
PLS-00306: 调用 'SP_UPDATE_ACCEPT_INFO' 时参数个数或类型错误
ORA-06550: 第 1 行, 第 7 列: 
PL/SQL: Statement ignored

   在 System.Data.OracleClient.OracleConnection.CheckError(OciErrorHandle errorHandle, Int32 rc)
   在 System.Data.OracleClient.OracleCommand.Execute(OciStatementHandle statementHandle, CommandBehavior behavior, Boolean needRowid, OciRowidDescriptor& rowidDescriptor, ArrayList& resultParameterOrdinals)
   在 System.Data.OracleClient.OracleCommand.ExecuteNonQueryInternal(Boolean needRowid, OciRowidDescriptor& rowidDescriptor)
   在 System.Data.OracleClient.OracleCommand.ExecuteNonQuery()
   在 Web.OracleHelper.ExecuteNonQuery(String commandText, CommandType commandType, OracleParameter[] param) 位置 d:\新建文件夹 (2)\slt-姜正军修改\zsy_jn_ws\Web\Utils\OracleHelper.cs:行号 106

日志时间:2017-05-12 17:08:32
日志级别:Info
日志位置:类[OracleHelper],方法[ZIT_RP_ACCEPT_PKG.SP_UPDATE_CALL_INFO]
日志内容:参数：strlsh:20170512420600000004,nhjlx:110.0,strgllsh:,nhcbz:0.0,nhjly:0.0,dhjsj:,strhzm:,strzjdz:,strzjhm:,strbjhm:,nsfjt:0.0,nsfhb:0.0,strrpid:2001,strddyid:1000,dzjsj:,dgjsj:,strlyid:,ngps_x:0.0,ngps_y:0.0,nxzbm:0.0,dZLSJ:,strCALLID:,nflag:,errmsg:,,错误：System.Data.OracleClient.OracleException (0x80131938): ORA-01400: 无法将 NULL 插入 ("JNG120"."CALL_INFO"."HJSJ")
ORA-06512: 在 "JNG120.ZIT_RP_ACCEPT_PKG", line 153
ORA-06512: 在 line 1

   在 System.Data.OracleClient.OracleConnection.CheckError(OciErrorHandle errorHandle, Int32 rc)
   在 System.Data.OracleClient.OracleCommand.Execute(OciStatementHandle statementHandle, CommandBehavior behavior, Boolean needRowid, OciRowidDescriptor& rowidDescriptor, ArrayList& resultParameterOrdinals)
   在 System.Data.OracleClient.OracleCommand.ExecuteNonQueryInternal(Boolean needRowid, OciRowidDescriptor& rowidDescriptor)
   在 System.Data.OracleClient.OracleCommand.ExecuteNonQuery()
   在 Web.OracleHelper.ExecuteNonQuery(String commandText, CommandType commandType, OracleParameter[] param) 位置 d:\新建文件夹 (2)\slt-姜正军修改\zsy_jn_ws\Web\Utils\OracleHelper.cs:行号 106

日志时间:2017-05-12 17:08:33
日志级别:Info
日志位置:类[OracleHelper],方法[ZIT_RP_ACCEPT_PKG.SP_UPDATE_ACCEPT_INFO]
日志内容:参数：strLSH:20170512420600000004,strRPID:2001,strDDYID:1000,strSJH:,dSLSJ:2017/5/12 17:08:32,nSLZT:1.0,nSLLY:0.0,nSLLX:0.0,nHJZ:0.0,nHJZLX:0.0,nSGLX:0.0,nHJYYKB:0.0,nHJYYZS:0.0,nHJYYZZ:0.0,strHJYYBC:,strXCDZ:,strJCDZ:,nHJQY:0.0,strGXYY:,strLXR:,strLXDH:,nHZRS:1.0,strSWYY:,strSWDD:,strHZXM:,nHZXB:0.0,nNL:0.0,nMZ:0.0,nGJ:0.0,nSQCD:0.0,nTSYQ:0.0,nTQ:0.0,nLK:0.0,strBZ:,nSFCS:0.0,nXZBM:0.0,nZZLX:0.0,nIS_CKOUT:0.0,strSZKS:,strMQZD:,strYBHGX:,strGCDF:,strGCDFYJ:,strTSYQ:,nFLAG:0,errMSG:,,错误：System.Data.OracleClient.OracleException (0x80131938): ORA-02291: 违反完整约束条件 (JNG120.FK_ACCEPT_CALL) - 未找到父项关键字
ORA-06512: 在 "JNG120.ZIT_RP_ACCEPT_PKG", line 700
ORA-06512: 在 line 1

   在 System.Data.OracleClient.OracleConnection.CheckError(OciErrorHandle errorHandle, Int32 rc)
   在 System.Data.OracleClient.OracleCommand.Execute(OciStatementHandle statementHandle, CommandBehavior behavior, Boolean needRowid, OciRowidDescriptor& rowidDescriptor, ArrayList& resultParameterOrdinals)
   在 System.Data.OracleClient.OracleCommand.ExecuteNonQueryInternal(Boolean needRowid, OciRowidDescriptor& rowidDescriptor)
   在 System.Data.OracleClient.OracleCommand.ExecuteNonQuery()
   在 Web.OracleHelper.ExecuteNonQuery(String commandText, CommandType commandType, OracleParameter[] param) 位置 d:\新建文件夹 (2)\slt-姜正军修改\zsy_jn_ws\Web\Utils\OracleHelper.cs:行号 106

日志时间:2017-05-12 17:08:33
日志级别:Info
日志位置:类[OracleHelper],方法[ZIT_RP_ACCEPT_PKG.SP_UPDATE_CALL_INFO]
日志内容:参数：strlsh:20170512420600000004,nhjlx:110.0,strgllsh:,nhcbz:0.0,nhjly:0.0,dhjsj:,strhzm:,strzjdz:,strzjhm:,strbjhm:,nsfjt:0.0,nsfhb:0.0,strrpid:2001,strddyid:1000,dzjsj:,dgjsj:,strlyid:,ngps_x:0.0,ngps_y:0.0,nxzbm:0.0,dZLSJ:,strCALLID:,nflag:,errmsg:,,错误：System.Data.OracleClient.OracleException (0x80131938): ORA-01400: 无法将 NULL 插入 ("JNG120"."CALL_INFO"."HJSJ")
ORA-06512: 在 "JNG120.ZIT_RP_ACCEPT_PKG", line 153
ORA-06512: 在 line 1

   在 System.Data.OracleClient.OracleConnection.CheckError(OciErrorHandle errorHandle, Int32 rc)
   在 System.Data.OracleClient.OracleCommand.Execute(OciStatementHandle statementHandle, CommandBehavior behavior, Boolean needRowid, OciRowidDescriptor& rowidDescriptor, ArrayList& resultParameterOrdinals)
   在 System.Data.OracleClient.OracleCommand.ExecuteNonQueryInternal(Boolean needRowid, OciRowidDescriptor& rowidDescriptor)
   在 System.Data.OracleClient.OracleCommand.ExecuteNonQuery()
   在 Web.OracleHelper.ExecuteNonQuery(String commandText, CommandType commandType, OracleParameter[] param) 位置 d:\新建文件夹 (2)\slt-姜正军修改\zsy_jn_ws\Web\Utils\OracleHelper.cs:行号 106

日志时间:2017-05-12 17:08:33
日志级别:Info
日志位置:类[OracleHelper],方法[ZIT_RP_ACCEPT_PKG.SP_UPDATE_ACCEPT_INFO]
日志内容:参数：strLSH:20170512420600000004,strRPID:2001,strDDYID:1000,strSJH:,dSLSJ:2017/5/12 17:08:33,nSLZT:1.0,nSLLY:0.0,nSLLX:0.0,nHJZ:0.0,nHJZLX:0.0,nSGLX:0.0,nHJYYKB:0.0,nHJYYZS:0.0,nHJYYZZ:0.0,strHJYYBC:,strXCDZ:,strJCDZ:,nHJQY:0.0,strGXYY:,strLXR:,strLXDH:,nHZRS:1.0,strSWYY:,strSWDD:,strHZXM:,nHZXB:0.0,nNL:0.0,nMZ:0.0,nGJ:0.0,nSQCD:0.0,nTSYQ:0.0,nTQ:0.0,nLK:0.0,strBZ:,nSFCS:0.0,nXZBM:0.0,nZZLX:0.0,nIS_CKOUT:0.0,strSZKS:,strMQZD:,strYBHGX:,strGCDF:,strGCDFYJ:,strTSYQ:,nFLAG:0,errMSG:,,错误：System.Data.OracleClient.OracleException (0x80131938): ORA-02291: 违反完整约束条件 (JNG120.FK_ACCEPT_CALL) - 未找到父项关键字
ORA-06512: 在 "JNG120.ZIT_RP_ACCEPT_PKG", line 700
ORA-06512: 在 line 1

   在 System.Data.OracleClient.OracleConnection.CheckError(OciErrorHandle errorHandle, Int32 rc)
   在 System.Data.OracleClient.OracleCommand.Execute(OciStatementHandle statementHandle, CommandBehavior behavior, Boolean needRowid, OciRowidDescriptor& rowidDescriptor, ArrayList& resultParameterOrdinals)
   在 System.Data.OracleClient.OracleCommand.ExecuteNonQueryInternal(Boolean needRowid, OciRowidDescriptor& rowidDescriptor)
   在 System.Data.OracleClient.OracleCommand.ExecuteNonQuery()
   在 Web.OracleHelper.ExecuteNonQuery(String commandText, CommandType commandType, OracleParameter[] param) 位置 d:\新建文件夹 (2)\slt-姜正军修改\zsy_jn_ws\Web\Utils\OracleHelper.cs:行号 106

日志时间:2017-05-12 17:08:35
日志级别:Info
日志位置:类[OracleHelper],方法[ZIT_RP_ACCEPT_PKG.SP_UPDATE_CALL_INFO]
日志内容:参数：strlsh:20170512420600000005,nhjlx:0.0,strgllsh:,nhcbz:0.0,nhjly:0.0,dhjsj:,strhzm:,strzjdz:,strzjhm:,strbjhm:,nsfjt:0.0,nsfhb:0.0,strrpid:2001,strddyid:1000,dzjsj:,dgjsj:,strlyid:,ngps_x:0.0,ngps_y:0.0,nxzbm:0.0,dZLSJ:,strCALLID:,nflag:,errmsg:,,错误：System.Data.OracleClient.OracleException (0x80131938): ORA-01400: 无法将 NULL 插入 ("JNG120"."CALL_INFO"."HJSJ")
ORA-06512: 在 "JNG120.ZIT_RP_ACCEPT_PKG", line 153
ORA-06512: 在 line 1

   在 System.Data.OracleClient.OracleConnection.CheckError(OciErrorHandle errorHandle, Int32 rc)
   在 System.Data.OracleClient.OracleCommand.Execute(OciStatementHandle statementHandle, CommandBehavior behavior, Boolean needRowid, OciRowidDescriptor& rowidDescriptor, ArrayList& resultParameterOrdinals)
   在 System.Data.OracleClient.OracleCommand.ExecuteNonQueryInternal(Boolean needRowid, OciRowidDescriptor& rowidDescriptor)
   在 System.Data.OracleClient.OracleCommand.ExecuteNonQuery()
   在 Web.OracleHelper.ExecuteNonQuery(String commandText, CommandType commandType, OracleParameter[] param) 位置 d:\新建文件夹 (2)\slt-姜正军修改\zsy_jn_ws\Web\Utils\OracleHelper.cs:行号 106

