日志时间:2017-05-18 17:56:28
日志级别:Info
日志位置:类[OracleHelper],方法[update ambul_outd_info set sfqxpc=1,iszxqxpc=0 ,qxpcsj=to_date('2017/5/18 17:56:28','yyyy-mm-dd hh24:mi:ss'),qxyy=60,TSQK='33.0  where lsh='20170518370800000771' and clid=10000]
日志内容:参数：,错误：System.Data.OracleClient.OracleException (0x80131938): ORA-01756: 引号内的字符串没有正确结束

   在 System.Data.OracleClient.OracleConnection.CheckError(OciErrorHandle errorHandle, Int32 rc)
   在 System.Data.OracleClient.OracleCommand.Execute(OciStatementHandle statementHandle, CommandBehavior behavior, Boolean needRowid, OciRowidDescriptor& rowidDescriptor, ArrayList& resultParameterOrdinals)
   在 System.Data.OracleClient.OracleCommand.ExecuteNonQueryInternal(Boolean needRowid, OciRowidDescriptor& rowidDescriptor)
   在 System.Data.OracleClient.OracleCommand.ExecuteNonQuery()
   在 Web.OracleHelper.ExecuteNonQuery(String commandText, CommandType commandType, OracleParameter[] param) 位置 e:\dll3\zsy_jn_ws0517\zsy_jn_ws\Web\Utils\OracleHelper.cs:行号 106

日志时间:2017-05-18 18:41:36
日志级别:Info
日志位置:类[OracleHelper],方法[select filename,recserverid  from t_recvocinfo where  callid='2017051818383914']
日志内容:参数：,错误：System.Data.OracleClient.OracleException (0x80131938): ORA-01017: invalid username/password; logon denied

   在 System.Data.OracleClient.OracleException.Check(OciErrorHandle errorHandle, Int32 rc)
   在 System.Data.OracleClient.OracleInternalConnection.OpenOnLocalTransaction(String userName, String password, String serverName, Boolean integratedSecurity, Boolean unicode, Boolean omitOracleConnectionName)
   在 System.Data.OracleClient.OracleInternalConnection..ctor(OracleConnectionString connectionOptions)
   在 System.Data.OracleClient.OracleConnectionFactory.CreateConnection(DbConnectionOptions options, Object poolGroupProviderInfo, DbConnectionPool pool, DbConnection owningObject)
   在 System.Data.ProviderBase.DbConnectionFactory.CreatePooledConnection(DbConnection owningConnection, DbConnectionPool pool, DbConnectionOptions options)
   在 System.Data.ProviderBase.DbConnectionPool.CreateObject(DbConnection owningObject)
   在 System.Data.ProviderBase.DbConnectionPool.UserCreateRequest(DbConnection owningObject)
   在 System.Data.ProviderBase.DbConnectionPool.GetConnection(DbConnection owningObject)
   在 System.Data.ProviderBase.DbConnectionFactory.GetConnection(DbConnection owningConnection)
   在 System.Data.ProviderBase.DbConnectionClosed.OpenConnection(DbConnection outerConnection, DbConnectionFactory connectionFactory)
   在 System.Data.OracleClient.OracleConnection.Open()
   在 Web.OracleHelper.ExecuteList_rec[T](String commandText, CommandType commandType, OracleParameter[] param) 位置 e:\dll3\zsy_jn_ws0517\zsy_jn_ws\Web\Utils\OracleHelper.cs:行号 399

日志时间:2017-05-18 18:41:43
日志级别:Info
日志位置:类[OracleHelper],方法[select filename,recserverid  from t_recvocinfo where  callid='2017051818383914']
日志内容:参数：,错误：System.Data.OracleClient.OracleException (0x80131938): ORA-01017: invalid username/password; logon denied

   在 System.Data.OracleClient.OracleException.Check(OciErrorHandle errorHandle, Int32 rc)
   在 System.Data.OracleClient.OracleInternalConnection.OpenOnLocalTransaction(String userName, String password, String serverName, Boolean integratedSecurity, Boolean unicode, Boolean omitOracleConnectionName)
   在 System.Data.OracleClient.OracleInternalConnection..ctor(OracleConnectionString connectionOptions)
   在 System.Data.OracleClient.OracleConnectionFactory.CreateConnection(DbConnectionOptions options, Object poolGroupProviderInfo, DbConnectionPool pool, DbConnection owningObject)
   在 System.Data.ProviderBase.DbConnectionFactory.CreatePooledConnection(DbConnection owningConnection, DbConnectionPool pool, DbConnectionOptions options)
   在 System.Data.ProviderBase.DbConnectionPool.CreateObject(DbConnection owningObject)
   在 System.Data.ProviderBase.DbConnectionPool.UserCreateRequest(DbConnection owningObject)
   在 System.Data.ProviderBase.DbConnectionPool.GetConnection(DbConnection owningObject)
   在 System.Data.ProviderBase.DbConnectionFactory.GetConnection(DbConnection owningConnection)
   在 System.Data.ProviderBase.DbConnectionClosed.OpenConnection(DbConnection outerConnection, DbConnectionFactory connectionFactory)
   在 System.Data.OracleClient.OracleConnection.Open()
   在 Web.OracleHelper.ExecuteList_rec[T](String commandText, CommandType commandType, OracleParameter[] param) 位置 e:\dll3\zsy_jn_ws0517\zsy_jn_ws\Web\Utils\OracleHelper.cs:行号 399

日志时间:2017-05-18 22:52:38
日志级别:Info
日志位置:类[OracleHelper],方法[update ambul_outd_info set tsqk=36.0,ISZXQXPC=0,SFQXPC=0,QXYY=0  where lsh='20170518370800001030' and clid=]
日志内容:参数：,错误：System.Data.OracleClient.OracleException (0x80131938): ORA-00936: 缺失表达式

   在 System.Data.OracleClient.OracleConnection.CheckError(OciErrorHandle errorHandle, Int32 rc)
   在 System.Data.OracleClient.OracleCommand.Execute(OciStatementHandle statementHandle, CommandBehavior behavior, Boolean needRowid, OciRowidDescriptor& rowidDescriptor, ArrayList& resultParameterOrdinals)
   在 System.Data.OracleClient.OracleCommand.ExecuteNonQueryInternal(Boolean needRowid, OciRowidDescriptor& rowidDescriptor)
   在 System.Data.OracleClient.OracleCommand.ExecuteNonQuery()
   在 Web.OracleHelper.ExecuteNonQuery(String commandText, CommandType commandType, OracleParameter[] param) 位置 e:\dll3\zsy_jn_ws0517\zsy_jn_ws\Web\Utils\OracleHelper.cs:行号 106

日志时间:2017-05-18 22:52:40
日志级别:Info
日志位置:类[OracleHelper],方法[update ambul_outd_info set tsqk=36.0,ISZXQXPC=0,SFQXPC=0,QXYY=0  where lsh='20170518370800001030' and clid=]
日志内容:参数：,错误：System.Data.OracleClient.OracleException (0x80131938): ORA-00936: 缺失表达式

   在 System.Data.OracleClient.OracleConnection.CheckError(OciErrorHandle errorHandle, Int32 rc)
   在 System.Data.OracleClient.OracleCommand.Execute(OciStatementHandle statementHandle, CommandBehavior behavior, Boolean needRowid, OciRowidDescriptor& rowidDescriptor, ArrayList& resultParameterOrdinals)
   在 System.Data.OracleClient.OracleCommand.ExecuteNonQueryInternal(Boolean needRowid, OciRowidDescriptor& rowidDescriptor)
   在 System.Data.OracleClient.OracleCommand.ExecuteNonQuery()
   在 Web.OracleHelper.ExecuteNonQuery(String commandText, CommandType commandType, OracleParameter[] param) 位置 e:\dll3\zsy_jn_ws0517\zsy_jn_ws\Web\Utils\OracleHelper.cs:行号 106

日志时间:2017-05-18 22:53:50
日志级别:Info
日志位置:类[OracleHelper],方法[update ambul_outd_info set tsqk=36.0,ISZXQXPC=0,SFQXPC=0,QXYY=0  where lsh='20170518370800001030' and clid=]
日志内容:参数：,错误：System.Data.OracleClient.OracleException (0x80131938): ORA-00936: 缺失表达式

   在 System.Data.OracleClient.OracleConnection.CheckError(OciErrorHandle errorHandle, Int32 rc)
   在 System.Data.OracleClient.OracleCommand.Execute(OciStatementHandle statementHandle, CommandBehavior behavior, Boolean needRowid, OciRowidDescriptor& rowidDescriptor, ArrayList& resultParameterOrdinals)
   在 System.Data.OracleClient.OracleCommand.ExecuteNonQueryInternal(Boolean needRowid, OciRowidDescriptor& rowidDescriptor)
   在 System.Data.OracleClient.OracleCommand.ExecuteNonQuery()
   在 Web.OracleHelper.ExecuteNonQuery(String commandText, CommandType commandType, OracleParameter[] param) 位置 e:\dll3\zsy_jn_ws0517\zsy_jn_ws\Web\Utils\OracleHelper.cs:行号 106

日志时间:2017-05-18 22:55:32
日志级别:Info
日志位置:类[OracleHelper],方法[update ambul_outd_info set tsqk=36.0,ISZXQXPC=0,SFQXPC=0,QXYY=0  where lsh='20170518370800001030' and clid=]
日志内容:参数：,错误：System.Data.OracleClient.OracleException (0x80131938): ORA-00936: 缺失表达式

   在 System.Data.OracleClient.OracleConnection.CheckError(OciErrorHandle errorHandle, Int32 rc)
   在 System.Data.OracleClient.OracleCommand.Execute(OciStatementHandle statementHandle, CommandBehavior behavior, Boolean needRowid, OciRowidDescriptor& rowidDescriptor, ArrayList& resultParameterOrdinals)
   在 System.Data.OracleClient.OracleCommand.ExecuteNonQueryInternal(Boolean needRowid, OciRowidDescriptor& rowidDescriptor)
   在 System.Data.OracleClient.OracleCommand.ExecuteNonQuery()
   在 Web.OracleHelper.ExecuteNonQuery(String commandText, CommandType commandType, OracleParameter[] param) 位置 e:\dll3\zsy_jn_ws0517\zsy_jn_ws\Web\Utils\OracleHelper.cs:行号 106

