日志时间:2017-05-11 13:10:28
日志级别:Info
日志位置:类[OracleHelper],方法[ZIT_RP_ACCEPT_PKG.SP_INSERT_DISPATCH]
日志内容:参数：strLSH:20170511370800000004,nDDLB:1,nDDLX:20,strDDFZ:1240,strDDCL:010202,strFBR:1234,strRPID:2002,nFLAG:0,errMSG:,,错误：System.Data.OracleClient.OracleException (0x80131938): ORA-04068: 已丢弃程序包  的当前状态
ORA-04061: package body "JNG120.ZIT_RP_ACCEPT_PKG" 的当前状态失效
ORA-04065: 未执行, 已变更或删除 package body "JNG120.ZIT_RP_ACCEPT_PKG"
ORA-06508: PL/SQL: 无法找到正在调用 : "JNG120.ZIT_RP_ACCEPT_PKG" 的程序单元
ORA-06512: 在 line 1

   在 System.Data.OracleClient.OracleConnection.CheckError(OciErrorHandle errorHandle, Int32 rc)
   在 System.Data.OracleClient.OracleCommand.Execute(OciStatementHandle statementHandle, CommandBehavior behavior, Boolean needRowid, OciRowidDescriptor& rowidDescriptor, ArrayList& resultParameterOrdinals)
   在 System.Data.OracleClient.OracleCommand.ExecuteNonQueryInternal(Boolean needRowid, OciRowidDescriptor& rowidDescriptor)
   在 System.Data.OracleClient.OracleCommand.ExecuteNonQuery()
   在 Web.OracleHelper.ExecuteNonQuery(String commandText, CommandType commandType, OracleParameter[] param) 位置 d:\新建文件夹 (2)\slt-姜正军修改\zsy_jn_ws\Web\Utils\OracleHelper.cs:行号 106

日志时间:2017-05-11 13:14:10
日志级别:Info
日志位置:类[OracleHelper],方法[ZIT_RP_ACCEPT_PKG.SP_UPDATE_ACCEPT_INFO]
日志内容:参数：strLSH:20170511370800000004,strRPID:2002,strDDYID:1234,strSJH:,dSLSJ:0001/1/1 0:00:00,nSLZT:1.0,nSLLY:0.0,nSLLX:0.0,nHJZ:0.0,nHJZLX:0.0,nSGLX:0.0,nHJYYKB:0.0,nHJYYZS:0.0,nHJYYZZ:0.0,strHJYYBC:,strXCDZ:,strJCDZ:,nHJQY:0.0,strGXYY:,strLXR:,strLXDH:,nHZRS:1.0,strSWYY:,strSWDD:,strHZXM:,nHZXB:0.0,nNL:0.0,nMZ:0.0,nGJ:0.0,nSQCD:0.0,nTSYQ:0.0,nTQ:0.0,nLK:0.0,strBZ:,nSFCS:0.0,nXZBM:0.0,nZZLX:0.0,nIS_CKOUT:0.0,strSZKS:,strMQZD:,strYBHGX:,strGCDF:,strGCDFYJ:,strTSYQ:,nFLAG:0,errMSG:,,错误：System.Data.OracleClient.OracleException (0x80131938): ORA-04068: 已丢弃程序包  的当前状态
ORA-04061: package body "JNG120.ZIT_RP_ACCEPT_PKG" 的当前状态失效
ORA-04065: 未执行, 已变更或删除 package body "JNG120.ZIT_RP_ACCEPT_PKG"
ORA-06508: PL/SQL: 无法找到正在调用 : "JNG120.ZIT_RP_ACCEPT_PKG" 的程序单元
ORA-06512: 在 line 1

   在 System.Data.OracleClient.OracleConnection.CheckError(OciErrorHandle errorHandle, Int32 rc)
   在 System.Data.OracleClient.OracleCommand.Execute(OciStatementHandle statementHandle, CommandBehavior behavior, Boolean needRowid, OciRowidDescriptor& rowidDescriptor, ArrayList& resultParameterOrdinals)
   在 System.Data.OracleClient.OracleCommand.ExecuteNonQueryInternal(Boolean needRowid, OciRowidDescriptor& rowidDescriptor)
   在 System.Data.OracleClient.OracleCommand.ExecuteNonQuery()
   在 Web.OracleHelper.ExecuteNonQuery(String commandText, CommandType commandType, OracleParameter[] param) 位置 d:\新建文件夹 (2)\slt-姜正军修改\zsy_jn_ws\Web\Utils\OracleHelper.cs:行号 106

日志时间:2017-05-11 15:25:00
日志级别:Info
日志位置:类[OracleHelper],方法[update ambul_outd_info set swdd='济宁市第二人民医院' where lsh='20170511370800000020' and clid='010103']
日志内容:参数：,错误：System.Data.OracleClient.OracleException (0x80131938): ORA-12170: TNS: 连接超时

   在 System.Data.OracleClient.OracleException.Check(OciErrorHandle errorHandle, Int32 rc)
   在 System.Data.OracleClient.OracleInternalConnection.OpenOnLocalTransaction(String userName, String password, String serverName, Boolean integratedSecurity, Boolean unicode, Boolean omitOracleConnectionName)
   在 System.Data.OracleClient.OracleInternalConnection..ctor(OracleConnectionString connectionOptions)
   在 System.Data.OracleClient.OracleConnectionFactory.CreateConnection(DbConnectionOptions options, Object poolGroupProviderInfo, DbConnectionPool pool, DbConnection owningObject)
   在 System.Data.ProviderBase.DbConnectionFactory.CreatePooledConnection(DbConnection owningConnection, DbConnectionPool pool, DbConnectionOptions options)
   在 System.Data.ProviderBase.DbConnectionPool.CreateObject(DbConnection owningObject)
   在 System.Data.ProviderBase.DbConnectionPool.UserCreateRequest(DbConnection owningObject)
   在 System.Data.ProviderBase.DbConnectionPool.GetConnection(DbConnection owningObject)
   在 System.Data.ProviderBase.DbConnectionFactory.GetConnection(DbConnection owningConnection)
   在 System.Data.ProviderBase.DbConnectionClosed.OpenConnection(DbConnection outerConnection, DbConnectionFactory connectionFactory)
   在 System.Data.OracleClient.OracleConnection.Open()
   在 Web.OracleHelper.ExecuteNonQuery(String commandText, CommandType commandType, OracleParameter[] param) 位置 d:\新建文件夹 (2)\slt-姜正军修改\zsy_jn_ws\Web\Utils\OracleHelper.cs:行号 104

日志时间:2017-05-11 15:25:00
日志级别:Info
日志位置:类[OracleHelper],方法[update ambul_outd_info set swdd='济宁市第二人民医院' where lsh='20170511370800000020' and clid='010103']
日志内容:参数：,错误：System.Data.OracleClient.OracleException (0x80131938): ORA-12170: TNS: 连接超时

   在 System.Data.ProviderBase.DbConnectionPool.GetConnection(DbConnection owningObject)
   在 System.Data.ProviderBase.DbConnectionFactory.GetConnection(DbConnection owningConnection)
   在 System.Data.ProviderBase.DbConnectionClosed.OpenConnection(DbConnection outerConnection, DbConnectionFactory connectionFactory)
   在 System.Data.OracleClient.OracleConnection.Open()
   在 Web.OracleHelper.ExecuteNonQuery(String commandText, CommandType commandType, OracleParameter[] param) 位置 d:\新建文件夹 (2)\slt-姜正军修改\zsy_jn_ws\Web\Utils\OracleHelper.cs:行号 104

日志时间:2017-05-11 15:27:25
日志级别:Info
日志位置:类[OracleHelper],方法[ select * FROM v_member_info  where ID='1234' and PASSWORD='E10ADC3949BA59ABBE56E057F20F883E']
日志内容:参数：,错误：System.Data.OracleClient.OracleException (0x80131938): ORA-12170: TNS: 连接超时

   在 System.Data.OracleClient.OracleException.Check(OciErrorHandle errorHandle, Int32 rc)
   在 System.Data.OracleClient.OracleInternalConnection.OpenOnLocalTransaction(String userName, String password, String serverName, Boolean integratedSecurity, Boolean unicode, Boolean omitOracleConnectionName)
   在 System.Data.OracleClient.OracleInternalConnection..ctor(OracleConnectionString connectionOptions)
   在 System.Data.OracleClient.OracleConnectionFactory.CreateConnection(DbConnectionOptions options, Object poolGroupProviderInfo, DbConnectionPool pool, DbConnection owningObject)
   在 System.Data.ProviderBase.DbConnectionFactory.CreatePooledConnection(DbConnection owningConnection, DbConnectionPool pool, DbConnectionOptions options)
   在 System.Data.ProviderBase.DbConnectionPool.CreateObject(DbConnection owningObject)
   在 System.Data.ProviderBase.DbConnectionPool.UserCreateRequest(DbConnection owningObject)
   在 System.Data.ProviderBase.DbConnectionPool.GetConnection(DbConnection owningObject)
   在 System.Data.ProviderBase.DbConnectionFactory.GetConnection(DbConnection owningConnection)
   在 System.Data.ProviderBase.DbConnectionClosed.OpenConnection(DbConnection outerConnection, DbConnectionFactory connectionFactory)
   在 System.Data.OracleClient.OracleConnection.Open()
   在 Web.OracleHelper.ExecuteList[T](String commandText, CommandType commandType, OracleParameter[] param) 位置 d:\新建文件夹 (2)\slt-姜正军修改\zsy_jn_ws\Web\Utils\OracleHelper.cs:行号 334

