异常时间:2017-05-12 17:08:32
异常级别:Error
异常位置:ExecuteNonQuery
异常内容:System.Data.OracleClient.OracleException (0x80131938): ORA-01400: 无法将 NULL 插入 ("JNG120"."CALL_INFO"."HJSJ")
ORA-06512: 在 "JNG120.ZIT_RP_ACCEPT_PKG", line 153
ORA-06512: 在 line 1

   在 Web.OracleHelper.ExecuteNonQuery(String commandText, CommandType commandType, OracleParameter[] param) 位置 d:\新建文件夹 (2)\slt-姜正军修改\zsy_jn_ws\Web\Utils\OracleHelper.cs:行号 129
   在 Web.InfoDal.SP_UPDATE_CALL_INFO(CALL_INFO ext) 位置 d:\新建文件夹 (2)\slt-姜正军修改\zsy_jn_ws\Web\DAL\InfoDal.cs:行号 1125

异常时间:2017-05-12 17:08:33
异常级别:Error
异常位置:ExecuteNonQuery
异常内容:System.Data.OracleClient.OracleException (0x80131938): ORA-01400: 无法将 NULL 插入 ("JNG120"."CALL_INFO"."HJSJ")
ORA-06512: 在 "JNG120.ZIT_RP_ACCEPT_PKG", line 153
ORA-06512: 在 line 1

   在 Web.OracleHelper.ExecuteNonQuery(String commandText, CommandType commandType, OracleParameter[] param) 位置 d:\新建文件夹 (2)\slt-姜正军修改\zsy_jn_ws\Web\Utils\OracleHelper.cs:行号 129
   在 Web.InfoDal.SP_UPDATE_CALL_INFO(CALL_INFO ext) 位置 d:\新建文件夹 (2)\slt-姜正军修改\zsy_jn_ws\Web\DAL\InfoDal.cs:行号 1125

异常时间:2017-05-12 17:08:35
异常级别:Error
异常位置:ExecuteNonQuery
异常内容:System.Data.OracleClient.OracleException (0x80131938): ORA-01400: 无法将 NULL 插入 ("JNG120"."CALL_INFO"."HJSJ")
ORA-06512: 在 "JNG120.ZIT_RP_ACCEPT_PKG", line 153
ORA-06512: 在 line 1

   在 Web.OracleHelper.ExecuteNonQuery(String commandText, CommandType commandType, OracleParameter[] param) 位置 d:\新建文件夹 (2)\slt-姜正军修改\zsy_jn_ws\Web\Utils\OracleHelper.cs:行号 129
   在 Web.InfoDal.SP_UPDATE_CALL_INFO(CALL_INFO ext) 位置 d:\新建文件夹 (2)\slt-姜正军修改\zsy_jn_ws\Web\DAL\InfoDal.cs:行号 1125

