日志时间:2017-05-18 17:55:37
日志级别:Info
日志位置:类[OracleHelper],方法[SP_UPDATE_AMBUL_OUTD_INFO]
日志内容:参数：{"ISZXQXPC":0.0,"QXPCSJ":"0001-01-01T00:00:00","LSH":"20170518370800000771:1","DBRSBSJ":"0001-01-01T00:00:00","CCXH":1.0,"BZ":null,"CLID":"10000","SZFZ":null,"PCLX":0.0,"PCSJ":"0001-01-01T00:00:00","RPID":null,"DDYID":null,"FLAG":0.0,"SFQXPC":0.0,"QXYY":0.0,"GPBZ":0.0,"CCSJ":"0001-01-01T00:00:00","DDXCSJ":"0001-01-01T00:00:00","SCSJ":"0001-01-01T00:00:00","SWSJ":"0001-01-01T00:00:00","WCSJ":"0001-01-01T00:00:00","FZSJ":"0001-01-01T00:00:00","TSQK":33.0,"SWDD":null,"CREATE_TIME":"0001-01-01T00:00:00","LAST_MODIFY_TIME":"0001-01-01T00:00:00","XZBM":0.0,"IsResult":false}

日志时间:2017-05-18 17:56:28
日志级别:Info
日志位置:类[OracleHelper],方法[SP_UPDATE_AMBUL_OUTD_INFO]
日志内容:参数：update ambul_outd_info set sfqxpc=1,iszxqxpc=0 ,qxpcsj=to_date('2017/5/18 17:56:28','yyyy-mm-dd hh24:mi:ss'),qxyy=60,TSQK='33.0  where lsh='20170518370800000771' and clid=10000

日志时间:2017-05-18 17:57:51
日志级别:Info
日志位置:类[OracleHelper],方法[SP_UPDATE_AMBUL_OUTD_INFO]
日志内容:参数：{"ISZXQXPC":0.0,"QXPCSJ":"0001-01-01T00:00:00","LSH":"20170518370800000771:1","DBRSBSJ":"0001-01-01T00:00:00","CCXH":1.0,"BZ":null,"CLID":"10000","SZFZ":null,"PCLX":0.0,"PCSJ":"0001-01-01T00:00:00","RPID":null,"DDYID":null,"FLAG":0.0,"SFQXPC":0.0,"QXYY":0.0,"GPBZ":0.0,"CCSJ":"0001-01-01T00:00:00","DDXCSJ":"0001-01-01T00:00:00","SCSJ":"0001-01-01T00:00:00","SWSJ":"0001-01-01T00:00:00","WCSJ":"0001-01-01T00:00:00","FZSJ":"0001-01-01T00:00:00","TSQK":33.0,"SWDD":null,"CREATE_TIME":"0001-01-01T00:00:00","LAST_MODIFY_TIME":"0001-01-01T00:00:00","XZBM":0.0,"IsResult":false}

日志时间:2017-05-18 17:58:01
日志级别:Info
日志位置:类[OracleHelper],方法[SP_UPDATE_AMBUL_OUTD_INFO]
日志内容:参数：update ambul_outd_info set sfqxpc=1,iszxqxpc=0 ,qxpcsj=to_date('2017/5/18 17:58:01','yyyy-mm-dd hh24:mi:ss'),qxyy=60,TSQK='33.0  where lsh='20170518370800000771' and clid=10000

日志时间:2017-05-18 17:59:47
日志级别:Info
日志位置:类[OracleHelper],方法[SP_UPDATE_AMBUL_OUTD_INFO]
日志内容:参数：{"ISZXQXPC":0.0,"QXPCSJ":"0001-01-01T00:00:00","LSH":"20170518370800000771:1","DBRSBSJ":"0001-01-01T00:00:00","CCXH":1.0,"BZ":null,"CLID":"10000","SZFZ":null,"PCLX":0.0,"PCSJ":"0001-01-01T00:00:00","RPID":null,"DDYID":null,"FLAG":0.0,"SFQXPC":0.0,"QXYY":0.0,"GPBZ":0.0,"CCSJ":"0001-01-01T00:00:00","DDXCSJ":"0001-01-01T00:00:00","SCSJ":"0001-01-01T00:00:00","SWSJ":"0001-01-01T00:00:00","WCSJ":"2017-05-18T17:58:56","FZSJ":"0001-01-01T00:00:00","TSQK":0.0,"SWDD":null,"CREATE_TIME":"0001-01-01T00:00:00","LAST_MODIFY_TIME":"0001-01-01T00:00:00","XZBM":0.0,"IsResult":false}

