日志时间:2017-05-10 14:18:54
日志级别:Info
日志位置:类[],方法[select  ddfz  from dispatch_info where lsh='20170510370800000001' and ZT=0 rownum=1]
日志内容:ORA-00933: SQL 命令未正确结束


日志时间:2017-05-10 14:20:25
日志级别:Info
日志位置:类[],方法[select  ddfz  from dispatch_info where lsh='20170510370800000001' and ZT=0 rownum=1]
日志内容:ORA-00933: SQL 命令未正确结束


日志时间:2017-05-10 15:48:58
日志级别:Info
日志位置:类[OracleHelper],方法[ZIT_FZ_ACCEPT_PKG.SP_GET_FZ_ACCEPT_INFO]
日志内容:参数：strFZID:20161228370800000004,RESULT:,nFLAG:0,errMSG:,,错误：System.Data.OracleClient.OracleException (0x80131938): ORA-01403: 未找到任何数据
ORA-06512: 在 "JNG120.ZIT_FZ_ACCEPT_PKG", line 344
ORA-06512: 在 line 1

   在 System.Data.OracleClient.OracleConnection.CheckError(OciErrorHandle errorHandle, Int32 rc)
   在 System.Data.OracleClient.OracleCommand.Execute(OciStatementHandle statementHandle, CommandBehavior behavior, Boolean needRowid, OciRowidDescriptor& rowidDescriptor, ArrayList& resultParameterOrdinals)
   在 System.Data.OracleClient.OracleCommand.Execute(OciStatementHandle statementHandle, CommandBehavior behavior, ArrayList& resultParameterOrdinals)
   在 System.Data.OracleClient.OracleCommand.ExecuteReader(CommandBehavior behavior)
   在 System.Data.OracleClient.OracleCommand.ExecuteReader()
   在 Web.OracleHelper.ExecuteList[T](String commandText, CommandType commandType, OracleParameter[] param) 位置 d:\新建文件夹 (2)\slt-姜正军修改\zsy_jn_ws\Web\Utils\OracleHelper.cs:行号 336

日志时间:2017-05-10 15:49:16
日志级别:Info
日志位置:类[OracleHelper],方法[ZIT_FZ_ACCEPT_PKG.SP_GET_FZ_ACCEPT_INFO]
日志内容:参数：strFZID:3708000002,RESULT:,nFLAG:0,errMSG:,,错误：System.Data.OracleClient.OracleException (0x80131938): ORA-01403: 未找到任何数据
ORA-06512: 在 "JNG120.ZIT_FZ_ACCEPT_PKG", line 344
ORA-06512: 在 line 1

   在 System.Data.OracleClient.OracleConnection.CheckError(OciErrorHandle errorHandle, Int32 rc)
   在 System.Data.OracleClient.OracleCommand.Execute(OciStatementHandle statementHandle, CommandBehavior behavior, Boolean needRowid, OciRowidDescriptor& rowidDescriptor, ArrayList& resultParameterOrdinals)
   在 System.Data.OracleClient.OracleCommand.Execute(OciStatementHandle statementHandle, CommandBehavior behavior, ArrayList& resultParameterOrdinals)
   在 System.Data.OracleClient.OracleCommand.ExecuteReader(CommandBehavior behavior)
   在 System.Data.OracleClient.OracleCommand.ExecuteReader()
   在 Web.OracleHelper.ExecuteList[T](String commandText, CommandType commandType, OracleParameter[] param) 位置 d:\新建文件夹 (2)\slt-姜正军修改\zsy_jn_ws\Web\Utils\OracleHelper.cs:行号 336

日志时间:2017-05-10 15:49:21
日志级别:Info
日志位置:类[OracleHelper],方法[ZIT_FZ_ACCEPT_PKG.SP_GET_FZ_ACCEPT_INFO]
日志内容:参数：strFZID:3708000002,RESULT:,nFLAG:0,errMSG:,,错误：System.Data.OracleClient.OracleException (0x80131938): ORA-01403: 未找到任何数据
ORA-06512: 在 "JNG120.ZIT_FZ_ACCEPT_PKG", line 344
ORA-06512: 在 line 1

   在 System.Data.OracleClient.OracleConnection.CheckError(OciErrorHandle errorHandle, Int32 rc)
   在 System.Data.OracleClient.OracleCommand.Execute(OciStatementHandle statementHandle, CommandBehavior behavior, Boolean needRowid, OciRowidDescriptor& rowidDescriptor, ArrayList& resultParameterOrdinals)
   在 System.Data.OracleClient.OracleCommand.Execute(OciStatementHandle statementHandle, CommandBehavior behavior, ArrayList& resultParameterOrdinals)
   在 System.Data.OracleClient.OracleCommand.ExecuteReader(CommandBehavior behavior)
   在 System.Data.OracleClient.OracleCommand.ExecuteReader()
   在 Web.OracleHelper.ExecuteList[T](String commandText, CommandType commandType, OracleParameter[] param) 位置 d:\新建文件夹 (2)\slt-姜正军修改\zsy_jn_ws\Web\Utils\OracleHelper.cs:行号 336

日志时间:2017-05-10 15:49:55
日志级别:Info
日志位置:类[OracleHelper],方法[ZIT_FZ_ACCEPT_PKG.SP_GET_FZ_ACCEPT_INFO]
日志内容:参数：strFZID:3708000002,RESULT:,nFLAG:0,errMSG:,,错误：System.Data.OracleClient.OracleException (0x80131938): ORA-01403: 未找到任何数据
ORA-06512: 在 "JNG120.ZIT_FZ_ACCEPT_PKG", line 344
ORA-06512: 在 line 1

   在 System.Data.OracleClient.OracleConnection.CheckError(OciErrorHandle errorHandle, Int32 rc)
   在 System.Data.OracleClient.OracleCommand.Execute(OciStatementHandle statementHandle, CommandBehavior behavior, Boolean needRowid, OciRowidDescriptor& rowidDescriptor, ArrayList& resultParameterOrdinals)
   在 System.Data.OracleClient.OracleCommand.Execute(OciStatementHandle statementHandle, CommandBehavior behavior, ArrayList& resultParameterOrdinals)
   在 System.Data.OracleClient.OracleCommand.ExecuteReader(CommandBehavior behavior)
   在 System.Data.OracleClient.OracleCommand.ExecuteReader()
   在 Web.OracleHelper.ExecuteList[T](String commandText, CommandType commandType, OracleParameter[] param) 位置 d:\新建文件夹 (2)\slt-姜正军修改\zsy_jn_ws\Web\Utils\OracleHelper.cs:行号 336

日志时间:2017-05-10 15:51:58
日志级别:Info
日志位置:类[OracleHelper],方法[ZIT_FZ_ACCEPT_PKG.SP_GET_FZ_ACCEPT_INFO]
日志内容:参数：strFZID:1201,RESULT:,nFLAG:0,errMSG:,,错误：System.Data.OracleClient.OracleException (0x80131938): ORA-04068: 已丢弃程序包  的当前状态
ORA-04061: package body "JNG120.ZIT_FZ_ACCEPT_PKG" 的当前状态失效
ORA-04065: 未执行, 已变更或删除 package body "JNG120.ZIT_FZ_ACCEPT_PKG"
ORA-06508: PL/SQL: 无法找到正在调用 : "JNG120.ZIT_FZ_ACCEPT_PKG" 的程序单元
ORA-06512: 在 line 1

   在 System.Data.OracleClient.OracleConnection.CheckError(OciErrorHandle errorHandle, Int32 rc)
   在 System.Data.OracleClient.OracleCommand.Execute(OciStatementHandle statementHandle, CommandBehavior behavior, Boolean needRowid, OciRowidDescriptor& rowidDescriptor, ArrayList& resultParameterOrdinals)
   在 System.Data.OracleClient.OracleCommand.Execute(OciStatementHandle statementHandle, CommandBehavior behavior, ArrayList& resultParameterOrdinals)
   在 System.Data.OracleClient.OracleCommand.ExecuteReader(CommandBehavior behavior)
   在 System.Data.OracleClient.OracleCommand.ExecuteReader()
   在 Web.OracleHelper.ExecuteList[T](String commandText, CommandType commandType, OracleParameter[] param) 位置 d:\新建文件夹 (2)\slt-姜正军修改\zsy_jn_ws\Web\Utils\OracleHelper.cs:行号 336

日志时间:2017-05-10 17:09:31
日志级别:Info
日志位置:类[OracleHelper],方法[update ambul_outd_info set  SFQXPC=1,QXYY=150.0, ISZXQXPC=1,clzt=0,qxpcsj=to_date('0001/1/1 0:00:00','yyyy-mm-dd hh24:mi:ss')  where lsh='20170510370800000002' and clid='010107']
日志内容:参数：,错误：System.Data.OracleClient.OracleException (0x80131938): ORA-00904: "CLZT": 标识符无效

   在 System.Data.OracleClient.OracleConnection.CheckError(OciErrorHandle errorHandle, Int32 rc)
   在 System.Data.OracleClient.OracleCommand.Execute(OciStatementHandle statementHandle, CommandBehavior behavior, Boolean needRowid, OciRowidDescriptor& rowidDescriptor, ArrayList& resultParameterOrdinals)
   在 System.Data.OracleClient.OracleCommand.ExecuteNonQueryInternal(Boolean needRowid, OciRowidDescriptor& rowidDescriptor)
   在 System.Data.OracleClient.OracleCommand.ExecuteNonQuery()
   在 Web.OracleHelper.ExecuteNonQuery(String commandText, CommandType commandType, OracleParameter[] param) 位置 d:\新建文件夹 (2)\slt-姜正军修改\zsy_jn_ws\Web\Utils\OracleHelper.cs:行号 106

日志时间:2017-05-10 17:36:11
日志级别:Info
日志位置:类[OracleHelper],方法[update ambul_outd_info set  SFQXPC=1,QXYY=150.0, ISZXQXPC=1,clzt=0,qxpcsj=to_date('0001/1/1 0:00:00','yyyy-mm-dd hh24:mi:ss')  where lsh='20170510370800000002' and clid='010107']
日志内容:参数：,错误：System.Data.OracleClient.OracleException (0x80131938): ORA-00904: "CLZT": 标识符无效

   在 System.Data.OracleClient.OracleConnection.CheckError(OciErrorHandle errorHandle, Int32 rc)
   在 System.Data.OracleClient.OracleCommand.Execute(OciStatementHandle statementHandle, CommandBehavior behavior, Boolean needRowid, OciRowidDescriptor& rowidDescriptor, ArrayList& resultParameterOrdinals)
   在 System.Data.OracleClient.OracleCommand.ExecuteNonQueryInternal(Boolean needRowid, OciRowidDescriptor& rowidDescriptor)
   在 System.Data.OracleClient.OracleCommand.ExecuteNonQuery()
   在 Web.OracleHelper.ExecuteNonQuery(String commandText, CommandType commandType, OracleParameter[] param) 位置 d:\新建文件夹 (2)\slt-姜正军修改\zsy_jn_ws\Web\Utils\OracleHelper.cs:行号 106

