日志时间:2017-05-11 15:13:26
日志级别:Info
日志位置:类[ZIT_WebService],方法[UpdateTakeHospital]
日志内容:lsh：20170511370800000020,swdd：济宁市中西医结合医院,swyy：07,sllx：10.0

日志时间:2017-05-11 15:24:38
日志级别:Info
日志位置:类[ZIT_WebService],方法[UpdateTakeHospital]
日志内容:lsh：20170511370800000020,swdd：济宁市第二人民医院,swyy：05,sllx：10.0

日志时间:2017-05-11 15:24:40
日志级别:Info
日志位置:类[ZIT_WebService],方法[UpdateTakeHospital]
日志内容:lsh：20170511370800000020,swdd：济宁市第二人民医院,swyy：05,sllx：10.0

日志时间:2017-05-11 15:35:36
日志级别:Info
日志位置:类[ZIT_WebService],方法[UpdateTakeHospital]
日志内容:lsh：20170511370800000023,swdd：济宁市兖州区中医院,swyy：09,sllx：10.0

日志时间:2017-05-11 15:35:42
日志级别:Info
日志位置:类[ZIT_WebService],方法[UpdateTakeHospital]
日志内容:lsh：20170511370800000023,swdd：济宁市中西医结合医院,swyy：07,sllx：10.0

