日志时间:2017-05-31 16:10:35
日志级别:Info
日志位置:类[OracleHelper],方法[ZIT_RP_ACCEPT_PKG.SP_UPDATE_RP_ONDUTY]
日志内容:参数：strDDYID:1000,strRPID:2007,dSBSJ:2017-5-31 16:10:31,dXBSJ:,strBZ:,nFLAG:0,errMSG:,,错误：System.Data.OracleClient.OracleException (0x80131938): ORA-04063: package body "NB120_0525.ZIT_RP_ACCEPT_PKG" 有错误
ORA-06508: PL/SQL: 无法找到正在调用 : "NB120_0525.ZIT_RP_ACCEPT_PKG" 的程序单元
ORA-06512: 在 line 1

   在 System.Data.OracleClient.OracleConnection.CheckError(OciErrorHandle errorHandle, Int32 rc)
   在 System.Data.OracleClient.OracleCommand.Execute(OciStatementHandle statementHandle, CommandBehavior behavior, Boolean needRowid, OciRowidDescriptor& rowidDescriptor, ArrayList& resultParameterOrdinals)
   在 System.Data.OracleClient.OracleCommand.ExecuteNonQueryInternal(Boolean needRowid, OciRowidDescriptor& rowidDescriptor)
   在 System.Data.OracleClient.OracleCommand.ExecuteNonQuery()
   在 Web.OracleHelper.ExecuteNonQuery(String commandText, CommandType commandType, OracleParameter[] param) 位置 f:\工作资料\宁波\宁波（济宁基础上修改）\WebService\Web\Utils\OracleHelper.cs:行号 106

日志时间:2017-05-31 16:11:17
日志级别:Info
日志位置:类[OracleHelper],方法[ZIT_RP_ACCEPT_PKG.SP_UPDATE_CALL_INFO]
日志内容:参数：strlsh:20170527330200000008,nhjlx:180.0,strgllsh:,nhcbz:0.0,nhjly:0.0,dhjsj:2017-5-31 16:11:17,strhzm:,strzjdz:,strzjhm:222,strbjhm:2007,nsfjt:0.0,nsfhb:0.0,strrpid:2007,strddyid:1000,dzjsj:,dgjsj:,strlyid:,ngps_x:0.0,ngps_y:0.0,nxzbm:0.0,dZLSJ:,strCALLID:,nflag:,errmsg:,,错误：System.Data.OracleClient.OracleException (0x80131938): ORA-04063: package body "NB120_0525.ZIT_RP_ACCEPT_PKG" 有错误
ORA-06508: PL/SQL: 无法找到正在调用 : "NB120_0525.ZIT_RP_ACCEPT_PKG" 的程序单元
ORA-06512: 在 line 1

   在 System.Data.OracleClient.OracleConnection.CheckError(OciErrorHandle errorHandle, Int32 rc)
   在 System.Data.OracleClient.OracleCommand.Execute(OciStatementHandle statementHandle, CommandBehavior behavior, Boolean needRowid, OciRowidDescriptor& rowidDescriptor, ArrayList& resultParameterOrdinals)
   在 System.Data.OracleClient.OracleCommand.ExecuteNonQueryInternal(Boolean needRowid, OciRowidDescriptor& rowidDescriptor)
   在 System.Data.OracleClient.OracleCommand.ExecuteNonQuery()
   在 Web.OracleHelper.ExecuteNonQuery(String commandText, CommandType commandType, OracleParameter[] param) 位置 f:\工作资料\宁波\宁波（济宁基础上修改）\WebService\Web\Utils\OracleHelper.cs:行号 106

日志时间:2017-05-31 16:16:22
日志级别:Info
日志位置:类[OracleHelper],方法[ZIT_RP_ACCEPT_PKG.SP_INSERT_AMBUL_OUTD]
日志内容:参数：strLSH:20170525330200000122,strCLID:011,strSZFZ:0,nPCLX:20,dPCSJ:2017-5-31 16:16:22,strRPID:2007,strDDYID:1000,nFLAG:0,errMSG:,strSJH:201705250934360723,,错误：System.Data.OracleClient.OracleException (0x80131938): ORA-04063: package body "NB120_0525.ZIT_RP_ACCEPT_PKG" 有错误
ORA-06508: PL/SQL: 无法找到正在调用 : "NB120_0525.ZIT_RP_ACCEPT_PKG" 的程序单元
ORA-06512: 在 line 1

   在 System.Data.OracleClient.OracleConnection.CheckError(OciErrorHandle errorHandle, Int32 rc)
   在 System.Data.OracleClient.OracleCommand.Execute(OciStatementHandle statementHandle, CommandBehavior behavior, Boolean needRowid, OciRowidDescriptor& rowidDescriptor, ArrayList& resultParameterOrdinals)
   在 System.Data.OracleClient.OracleCommand.ExecuteNonQueryInternal(Boolean needRowid, OciRowidDescriptor& rowidDescriptor)
   在 System.Data.OracleClient.OracleCommand.ExecuteNonQuery()
   在 Web.OracleHelper.ExecuteNonQuery(String commandText, CommandType commandType, OracleParameter[] param) 位置 f:\工作资料\宁波\宁波（济宁基础上修改）\WebService\Web\Utils\OracleHelper.cs:行号 106

